----------------------------------------------------------------------------------------------------
      name:  <unnamed>
       log:  /Users/mac/GitHub/Applied-Econometrics-Stata-/Workshop_1/code/Workshop_1.log
  log type:  text
 opened on:  10 Jun 2019, 16:32:58

. set more off

. 
end of do-file

. do "/var/folders/4v/cxtc0hzx0fq4v9g8k_8603s80000gn/T//SD02175.000000"

. 
. ******************************************
. *   Load data & labeling                 *
. ******************************************
. 
. use "$path/raw_data/CreponData.dta", clear

. lab var quintuplets "covered areas of similar size and with comparable populations."

. lab var LTFC "average share of individuals with a long-term fixed contract"

. lab var LT "long-term employment"

. lab var assigned "1 = Treated, 0 = Untreated"

. lab var male "1 = Male, 0 = Female"

. lab var pastudur "past unemploymnet duration"

. lab var pastudursq "past unemployment duration squared"

. lab var bac "education dummy"

. lab var bac3 "education dummy"

. lab var bac4 "education dummy"

. lab var bac5 "education dummy"

. lab var treatarea "treated area dummy"

. 
. ******************************************
. * Question 1                             *                             
. ******************************************
. 
. ttest LTFC, by(assigned) unequal /*t test with unequal variances*/

Two-sample t test with unequal variances
------------------------------------------------------------------------------
   Group |     Obs        Mean    Std. Err.   Std. Dev.   [95% Conf. Interval]
---------+--------------------------------------------------------------------
       0 |   5,142    .1604434    .0051187    .3670525    .1504085    .1704783
       1 |   6,664    .1779712    .0046858    .3825172    .1687855    .1871569
---------+--------------------------------------------------------------------
combined |  11,806    .1703371      .00346    .3759446     .163555    .1771192
---------+--------------------------------------------------------------------
    diff |           -.0175278    .0069396               -.0311306   -.0039249
------------------------------------------------------------------------------
    diff = mean(0) - mean(1)                                      t =  -2.5258
Ho: diff = 0                     Satterthwaite's degrees of freedom =  11264.2

    Ha: diff < 0                 Ha: diff != 0                 Ha: diff > 0
 Pr(T < t) = 0.0058         Pr(|T| > |t|) = 0.0116          Pr(T > t) = 0.9942

. ttest LT, by(assigned) unequal

Two-sample t test with unequal variances
------------------------------------------------------------------------------
   Group |     Obs        Mean    Std. Err.   Std. Dev.   [95% Conf. Interval]
---------+--------------------------------------------------------------------
       0 |   5,142    .3646441     .006713     .481377    .3514837    .3778045
       1 |   6,664    .3816026    .0059512    .4858163    .3699364    .3932689
---------+--------------------------------------------------------------------
combined |  11,806    .3742165    .0044539    .4839404    .3654861    .3829469
---------+--------------------------------------------------------------------
    diff |           -.0169585    .0089712               -.0345436    .0006265
------------------------------------------------------------------------------
    diff = mean(0) - mean(1)                                      t =  -1.8903
Ho: diff = 0                     Satterthwaite's degrees of freedom =  11104.9

    Ha: diff < 0                 Ha: diff != 0                 Ha: diff > 0
 Pr(T < t) = 0.0294         Pr(|T| > |t|) = 0.0587          Pr(T > t) = 0.9706

. 
. /*The intensive job search assistance by the private provider seems
> to increase both measures of employment, but whereas the increase in
> long-term fixed contract (LTFC) employment is significant at 1 percent
> (t test = 2,52),the increase in in long-term (LT) employment is only 
> significant on a 10 percent level (t test = 1,89).*/
. 
. *****************************************
. * Question 2                            *                                     
. *****************************************
. 
. /*yic = B0 + B1Zic + uic*/
. 
. reg LTFC assigned, r

Linear regression                               Number of obs     =     11,806
                                                F(1, 11804)       =       6.38
                                                Prob > F          =     0.0116
                                                R-squared         =     0.0005
                                                Root MSE          =     .37586

------------------------------------------------------------------------------
             |               Robust
        LTFC |      Coef.   Std. Err.      t    P>|t|     [95% Conf. Interval]
-------------+----------------------------------------------------------------
    assigned |   .0175278   .0069396     2.53   0.012      .003925    .0311305
       _cons |   .1604434   .0051187    31.34   0.000       .15041    .1704768
------------------------------------------------------------------------------

. reg LT assigned, r

Linear regression                               Number of obs     =     11,806
                                                F(1, 11804)       =       3.57
                                                Prob > F          =     0.0587
                                                R-squared         =     0.0003
                                                Root MSE          =     .48389

------------------------------------------------------------------------------
             |               Robust
          LT |      Coef.   Std. Err.      t    P>|t|     [95% Conf. Interval]
-------------+----------------------------------------------------------------
    assigned |   .0169585   .0089711     1.89   0.059    -.0006264    .0345434
       _cons |   .3646441    .006713    54.32   0.000     .3514856    .3778026
------------------------------------------------------------------------------

. 
end of do-file

. do "/var/folders/4v/cxtc0hzx0fq4v9g8k_8603s80000gn/T//SD02175.000000"

. glo vars i.quintuplets pastudur pastudursq cohort3-cohort10 male bac bac3 bac4 bac5

. 
end of do-file

. do "/var/folders/4v/cxtc0hzx0fq4v9g8k_8603s80000gn/T//SD02175.000000"

. glo vars assigned i.quintuplets pastudur pastudursq cohort3-cohort10 male bac bac3 bac4 bac5

. 
end of do-file

. do "/var/folders/4v/cxtc0hzx0fq4v9g8k_8603s80000gn/T//SD02175.000000"

. reg LTFC $vars , r

Linear regression                               Number of obs     =     11,806
                                                F(62, 11743)      =       2.07
                                                Prob > F          =     0.0000
                                                R-squared         =     0.0108
                                                Root MSE          =     .37489

------------------------------------------------------------------------------
             |               Robust
        LTFC |      Coef.   Std. Err.      t    P>|t|     [95% Conf. Interval]
-------------+----------------------------------------------------------------
    assigned |   .0173607   .0069805     2.49   0.013     .0036779    .0310435
             |
 quintuplets |
          2  |   -.012213   .0406259    -0.30   0.764    -.0918465    .0674204
          3  |  -.0706978   .0388967    -1.82   0.069    -.1469418    .0055461
          4  |   -.021302   .0362091    -0.59   0.556    -.0922779    .0496739
          5  |  -.0107718   .0457106    -0.24   0.814    -.1003721    .0788285
          6  |  -.0145553   .0424531    -0.34   0.732    -.0977704    .0686599
          7  |  -.0118729   .0361608    -0.33   0.743    -.0827541    .0590084
          8  |  -.0073394   .0394096    -0.19   0.852    -.0845887    .0699099
          9  |   .0600093   .0449283     1.34   0.182    -.0280576    .1480763
         10  |  -.0152399    .040657    -0.37   0.708    -.0949344    .0644546
         11  |  -.0049847   .0420423    -0.12   0.906    -.0873946    .0774253
         12  |  -.0129602   .0373006    -0.35   0.728    -.0860756    .0601552
         13  |  -.0082725   .0427287    -0.19   0.846    -.0920278    .0754828
         14  |  -.0271929   .0416472    -0.65   0.514    -.1088283    .0544425
         15  |  -.0261849   .0387285    -0.68   0.499    -.1020993    .0497294
         16  |   .0077154   .0391191     0.20   0.844    -.0689645    .0843953
         17  |    .008487   .0345381     0.25   0.806    -.0592135    .0761874
         18  |  -.0136124   .0358251    -0.38   0.704    -.0838355    .0566107
         19  |  -.0356124   .0355788    -1.00   0.317    -.1053527     .034128
         20  |  -.0070274   .0387221    -0.18   0.856    -.0829291    .0688742
         21  |   .0163439   .0498251     0.33   0.743    -.0813216    .1140094
         22  |  -.0108478   .0366835    -0.30   0.767    -.0827535    .0610578
         23  |  -.0511476   .0381403    -1.34   0.180     -.125909    .0236137
         24  |    .009803   .0368012     0.27   0.790    -.0623334    .0819395
         25  |   .0223469   .0386559     0.58   0.563     -.053425    .0981189
         26  |  -.0096364    .037127    -0.26   0.795    -.0824114    .0631386
         27  |   .0286009   .0407458     0.70   0.483    -.0512677    .1084694
         28  |   .0423453   .0403597     1.05   0.294    -.0367665    .1214571
         29  |  -.0435964   .0341595    -1.28   0.202    -.1105547     .023362
         30  |   .0119301   .0385065     0.31   0.757    -.0635491    .0874092
         31  |   .0048817   .0406083     0.12   0.904    -.0747173    .0844807
         32  |   .0196371   .0421065     0.47   0.641    -.0628986    .1021728
         33  |  -.0134313   .0367764    -0.37   0.715    -.0855191    .0586565
         34  |  -.0029821   .0371075    -0.08   0.936    -.0757189    .0697547
         35  |    -.04018   .0385498    -1.04   0.297     -.115744    .0353839
         36  |  -.0382603    .039526    -0.97   0.333    -.1157378    .0392173
         37  |  -.0694663   .0379744    -1.83   0.067    -.1439024    .0049698
         38  |   .0350105   .0397857     0.88   0.379    -.0429761    .1129971
         39  |  -.0315564   .0348695    -0.90   0.365    -.0999064    .0367936
         40  |   -.052097   .0363052    -1.43   0.151    -.1232614    .0190673
         41  |  -.0095503   .0348667    -0.27   0.784    -.0778948    .0587942
         42  |   -.038806    .039895    -0.97   0.331    -.1170069    .0393948
         43  |    -.04991   .0342906    -1.46   0.146    -.1171253    .0173053
         44  |  -.0130396   .0362144    -0.36   0.719    -.0840259    .0579467
         45  |  -.0380464   .0347563    -1.09   0.274    -.1061746    .0300818
         46  |  -.0329517   .0380329    -0.87   0.386    -.1075025    .0415991
         47  |   .0457627    .044533     1.03   0.304    -.0415293    .1330548
             |
    pastudur |   .0125128   .0065539     1.91   0.056    -.0003338    .0253595
  pastudursq |  -.0004803   .0002724    -1.76   0.078    -.0010143    .0000537
     cohort3 |  -.0136727   .0145943    -0.94   0.349      -.04228    .0149346
     cohort4 |   -.001186   .0146646    -0.08   0.936     -.029931    .0275589
     cohort5 |   .0001364   .0150618     0.01   0.993    -.0293872    .0296599
     cohort6 |    .015865   .0157234     1.01   0.313    -.0149554    .0466855
     cohort7 |    .002994   .0145421     0.21   0.837    -.0255109    .0314989
     cohort8 |   .0088084   .0149429     0.59   0.556    -.0204823     .038099
     cohort9 |   .0180167   .0166386     1.08   0.279    -.0145978    .0506312
    cohort10 |   .0108658   .0154981     0.70   0.483    -.0195131    .0412446
        male |  -.0378639   .0070058    -5.40   0.000    -.0515964   -.0241314
         bac |  -.0220829   .0158545    -1.39   0.164    -.0531604    .0089945
        bac3 |   .0137169   .0095745     1.43   0.152    -.0050506    .0324844
        bac4 |   .0046413   .0110978     0.42   0.676    -.0171123    .0263949
        bac5 |   .0483624   .0101846     4.75   0.000     .0283989    .0683259
       _cons |   .1007214   .0488817     2.06   0.039     .0049052    .1965376
------------------------------------------------------------------------------

. reg LT $vars, r

Linear regression                               Number of obs     =     11,806
                                                F(62, 11743)      =       3.19
                                                Prob > F          =     0.0000
                                                R-squared         =     0.0163
                                                Root MSE          =     .48123

------------------------------------------------------------------------------
             |               Robust
          LT |      Coef.   Std. Err.      t    P>|t|     [95% Conf. Interval]
-------------+----------------------------------------------------------------
    assigned |   .0153338   .0090036     1.70   0.089    -.0023148    .0329824
             |
 quintuplets |
          2  |  -.0446038   .0522006    -0.85   0.393    -.1469256    .0577181
          3  |  -.1457988   .0523394    -2.79   0.005    -.2483927    -.043205
          4  |  -.1033293   .0459968    -2.25   0.025    -.1934907    -.013168
          5  |  -.0417062   .0587135    -0.71   0.478    -.1567944     .073382
          6  |  -.0936056   .0541107    -1.73   0.084    -.1996715    .0124604
          7  |  -.0388741    .046483    -0.84   0.403    -.1299886    .0522403
          8  |   -.108214   .0498032    -2.17   0.030    -.2058365   -.0105915
          9  |  -.0187485   .0542859    -0.35   0.730    -.1251579    .0876608
         10  |  -.0673377   .0521603    -1.29   0.197    -.1695806    .0349052
         11  |  -.0679844    .053667    -1.27   0.205    -.1731806    .0372118
         12  |  -.0791429   .0475579    -1.66   0.096    -.1723643    .0140785
         13  |  -.0821923   .0548828    -1.50   0.134    -.1897718    .0253871
         14  |  -.0205562   .0546111    -0.38   0.707    -.1276031    .0864907
         15  |  -.1087135   .0495737    -2.19   0.028    -.2058862   -.0115408
         16  |  -.0493734   .0494848    -1.00   0.318    -.1463719     .047625
         17  |  -.0701439   .0435303    -1.61   0.107    -.1554706    .0151828
         18  |  -.1225694   .0455495    -2.69   0.007     -.211854   -.0332848
         19  |  -.1425791   .0454903    -3.13   0.002    -.2317476   -.0534106
         20  |  -.1062935   .0488535    -2.18   0.030    -.2020544   -.0105326
         21  |   -.033036   .0625282    -0.53   0.597    -.1556017    .0895296
         22  |  -.1007858     .04657    -2.16   0.030    -.1920708   -.0095009
         23  |  -.1305856   .0498638    -2.62   0.009     -.228327   -.0328442
         24  |  -.0861227   .0461117    -1.87   0.062    -.1765092    .0042638
         25  |   -.090773    .048103    -1.89   0.059    -.1850629    .0035169
         26  |   -.124088   .0467423    -2.65   0.008    -.2157107   -.0324653
         27  |  -.0604469   .0505133    -1.20   0.231    -.1594614    .0385676
         28  |  -.0218952   .0495191    -0.44   0.658    -.1189608    .0751704
         29  |  -.0810431   .0443985    -1.83   0.068    -.1680714    .0059853
         30  |  -.0151439   .0485084    -0.31   0.755    -.1102283    .0799405
         31  |  -.0615045   .0510201    -1.21   0.228    -.1615122    .0385033
         32  |  -.0413732   .0521079    -0.79   0.427    -.1435133    .0607669
         33  |   -.070403   .0467619    -1.51   0.132    -.1620641    .0212581
         34  |  -.0114751   .0472252    -0.24   0.808    -.1040443     .081094
         35  |  -.1020641   .0506379    -2.02   0.044    -.2013229   -.0028053
         36  |  -.0625255   .0520609    -1.20   0.230    -.1645736    .0395226
         37  |  -.0895799   .0522839    -1.71   0.087     -.192065    .0129053
         38  |  -.0500714   .0488954    -1.02   0.306    -.1459145    .0457717
         39  |  -.0852204   .0449768    -1.89   0.058    -.1733823    .0029415
         40  |  -.0843238    .047817    -1.76   0.078     -.178053    .0094054
         41  |  -.0790493   .0441358    -1.79   0.073    -.1655628    .0074642
         42  |  -.0747383   .0527361    -1.42   0.156    -.1781099    .0286333
         43  |  -.1034583    .044536    -2.32   0.020    -.1907562   -.0161604
         44  |  -.1058522   .0458774    -2.31   0.021    -.1957795   -.0159249
         45  |  -.0631277   .0450805    -1.40   0.161    -.1514929    .0252376
         46  |  -.1296336    .048527    -2.67   0.008    -.2247546   -.0345127
         47  |  -.1166627   .0529145    -2.20   0.027     -.220384   -.0129414
             |
    pastudur |   .0175848   .0084883     2.07   0.038     .0009463    .0342233
  pastudursq |  -.0009635   .0003506    -2.75   0.006    -.0016506   -.0002763
     cohort3 |   .0603781   .0188575     3.20   0.001     .0234144    .0973419
     cohort4 |   .0585211   .0186627     3.14   0.002     .0219392    .0951031
     cohort5 |   .0499929    .019244     2.60   0.009     .0122713    .0877144
     cohort6 |   .0762793   .0198371     3.85   0.000     .0373953    .1151633
     cohort7 |   .0672836   .0185822     3.62   0.000     .0308595    .1037078
     cohort8 |   .0637402   .0191108     3.34   0.001     .0262799    .1012004
     cohort9 |   .0615569   .0209101     2.94   0.003     .0205696    .1025441
    cohort10 |   .0495741   .0196505     2.52   0.012     .0110558    .0880923
        male |   .0142603   .0092299     1.55   0.122    -.0038318    .0323524
         bac |  -.0565293   .0212558    -2.66   0.008    -.0981942   -.0148643
        bac3 |  -.0015073    .012261    -0.12   0.902    -.0255408    .0225262
        bac4 |   -.004853   .0144232    -0.34   0.737    -.0331249    .0234188
        bac5 |   .0954779   .0127787     7.47   0.000     .0704296    .1205262
       _cons |   .3078358   .0630181     4.88   0.000       .18431    .4313617
------------------------------------------------------------------------------

. 
end of do-file

. do "/var/folders/4v/cxtc0hzx0fq4v9g8k_8603s80000gn/T//SD02175.000000"

. glo controls i.quintuplets pastudur pastudursq cohort3-cohort10 ///
>                          male bac bac3 bac4 bac5

. 
end of do-file

